<?xml version="1.0" encoding="UTF-8" ?>
<testsuite tests="12" failures="0" name="aplikazioa.TestSuite" time="0.015" errors="0" skipped="0">
  <properties>
[...]
</properties>
  <testcase classname="[1] 1, 1, 0(testRestaParam(int, int, int))" name="[1] 1, 1, 0(testRestaParam" time="0.01"/>
  <testcase classname="[2] 2, 1, 1(testRestaParam(int, int, int))" name="[2] 2, 1, 1(testRestaParam" time="0.001"/>
  <testcase classname="[3] 1, 2, -1(testRestaParam(int, int, int))" name="[3] 1, 2, -1(testRestaParam" time="0.001"/>
  <testcase classname="[1] 1, 1, 2(testSumaParam(int, int, int))" name="[1] 1, 1, 2(testSumaParam" time="0"/>
  <testcase classname="[2] 2, 1, 3(testSumaParam(int, int, int))" name="[2] 2, 1, 3(testSumaParam" time="0"/>
  <testcase classname="[3] -1, -1, -2(testSumaParam(int, int, int))" name="[3] -1, -1, -2(testSumaParam" time="0"/>
  <testcase classname="[1] 1, 1, 1(testMultiplicacionParam(int, int, int))" name="[1] 1, 1, 1(testMultiplicacionParam" time="0.001"/>
  <testcase classname="[2] 2, 4, 8(testMultiplicacionParam(int, int, int))" name="[2] 2, 4, 8(testMultiplicacionParam" time="0.001"/>
  <testcase classname="[3] -2, -2, 4(testMultiplicacionParam(int, int, int))" name="[3] -2, -2, 4(testMultiplicacionParam" time="0.001"/>
  <testcase classname="[1] 1, 1, 1(testDivisionParam(int, int, int))" name="[1] 1, 1, 1(testDivisionParam" time="0"/>
  <testcase classname="[2] 8, 2, 4(testDivisionParam(int, int, int))" name="[2] 8, 2, 4(testDivisionParam" time="0"/>
  <testcase classname="[3] -2, -2, 1(testDivisionParam(int, int, int))" name="[3] -2, -2, 1(testDivisionParam" time="0"/>
</testsuite>